<?xml version="1.0" encoding="UTF-8"?>
<!-- Generated by org.testng.reporters.JUnitReportReporter -->
<testsuite hostname="DESKTOP-R45M6T3" failures="0" tests="2" name="com.amazon.qa.testcases.AddToCartPageTest" time="88.563" errors="0" timestamp="2023-10-02T02:28:25 PKT" skipped="0">
  <testcase classname="com.amazon.qa.testcases.AddToCartPageTest" name="AddToCartPageTitleTest" time="17.984"/>
  <system-out/>
  <testcase classname="com.amazon.qa.testcases.AddToCartPageTest" name="verifyAddToCartProduct" time="70.579"/>
  <system-out/>
</testsuite> <!-- com.amazon.qa.testcases.AddToCartPageTest -->
